{
  "RSpec": {
    "coverage": {
      "/usr/src/app/app/models/session.rb": [
        1,
        1,
        1,
        1,
        1,
        1,
        null
      ],
      "/usr/src/app/app/models/application_record.rb": [
        1,
        1,
        null,
        1,
        40,
        40,
        40,
        40,
        40,
        40,
        null,
        null,
        null,
        null
      ],
      "/usr/src/app/app/models/user.rb": [
        1,
        1,
        41,
        1,
        1,
        null,
        null,
        1,
        1,
        1,
        null
      ],
      "/usr/src/app/app/controllers/v1/sessions/sessions_controller.rb": [
        1,
        1,
        1,
        1,
        1,
        null,
        null,
        1,
        2,
        null,
        2,
        null,
        null,
        1,
        1,
        null,
        null,
        1,
        1,
        null,
        null,
        1,
        1,
        null,
        null,
        1,
        null,
        3,
        null,
        null,
        null,
        null,
        null,
        null,
        1,
        21,
        null,
        null,
        1,
        7,
        null,
        null,
        null,
        null
      ],
      "/usr/src/app/app/controllers/v1/sessions/application_controller.rb": [
        null,
        null,
        1,
        1,
        1,
        1,
        1,
        1,
        2,
        null,
        null,
        null,
        1,
        1,
        1,
        1,
        1,
        null,
        1,
        4,
        null,
        null,
        1,
        10,
        9,
        null,
        null,
        1,
        8,
        1,
        null,
        null,
        null,
        1,
        7,
        null,
        null,
        1,
        7,
        null,
        null,
        null,
        null,
        1,
        3,
        null,
        null,
        null,
        null
      ],
      "/usr/src/app/app/controllers/application_controller.rb": [
        1,
        1,
        1,
        1,
        null,
        1,
        0,
        0,
        0,
        0,
        null,
        null,
        1,
        0,
        null,
        null,
        1,
        18,
        null,
        15,
        15,
        12,
        null,
        9,
        9,
        6,
        null,
        3,
        3,
        null,
        null,
        1,
        6,
        null,
        null,
        1,
        15,
        null,
        0,
        null,
        null,
        1,
        24,
        null,
        null,
        1,
        15,
        null,
        null
      ],
      "/usr/src/app/app/models/device.rb": [
        1,
        1,
        1,
        null,
        null,
        1,
        1,
        null
      ]
    },
    "timestamp": 1649328313
  }
}
